2021-06-27 22:57:14.200+0000 WARN [o.n.k.i.JvmChecker] You are using an unsupported version of the Java runtime. Please use Oracle(R) Java(TM) Runtime Environment 8, OpenJDK(TM) 8 or IBM J9.
2021-06-27 22:57:14.211+0000 WARN [o.n.i.p.PageCache] The dbms.memory.pagecache.size setting has not been configured. It is recommended that this setting is always explicitly configured, to ensure the system has a balanced configuration. Until then, a computed heuristic value of 6172264448 bytes will be used instead. Run `neo4j-admin memrec` for memory configuration suggestions.
2021-06-27 22:57:14.385+0000 INFO [o.n.k.i.f.CommunityEditionModule] No locking implementation specified, defaulting to 'community'
2021-06-27 22:57:14.457+0000 INFO [o.n.k.AvailabilityGuard] Requirement makes database unavailable: Database available
2021-06-27 22:57:14.463+0000 INFO [o.n.k.i.DiagnosticsManager] --- INITIALIZED diagnostics START ---
2021-06-27 22:57:14.463+0000 INFO [o.n.k.i.DiagnosticsManager] Neo4j Kernel properties:
2021-06-27 22:57:14.463+0000 INFO [o.n.k.i.DiagnosticsManager] unsupported.dbms.directories.neo4j_home=/home/fry/ORT/BDNR/Obligatorio2/strava-app/strava-api/data/strava
2021-06-27 22:57:14.463+0000 INFO [o.n.k.i.DiagnosticsManager] unsupported.dbms.edition=community
2021-06-27 22:57:14.463+0000 INFO [o.n.k.i.DiagnosticsManager] unsupported.dbms.ephemeral=false
2021-06-27 22:57:14.463+0000 INFO [o.n.k.i.DiagnosticsManager] Diagnostics providers:
2021-06-27 22:57:14.463+0000 INFO [o.n.k.i.DiagnosticsManager] org.neo4j.kernel.configuration.Config
2021-06-27 22:57:14.463+0000 INFO [o.n.k.i.DiagnosticsManager] org.neo4j.kernel.info.DiagnosticsManager
2021-06-27 22:57:14.463+0000 INFO [o.n.k.i.DiagnosticsManager] SYSTEM_MEMORY
2021-06-27 22:57:14.463+0000 INFO [o.n.k.i.DiagnosticsManager] JAVA_MEMORY
2021-06-27 22:57:14.463+0000 INFO [o.n.k.i.DiagnosticsManager] OPERATING_SYSTEM
2021-06-27 22:57:14.463+0000 INFO [o.n.k.i.DiagnosticsManager] JAVA_VIRTUAL_MACHINE
2021-06-27 22:57:14.463+0000 INFO [o.n.k.i.DiagnosticsManager] CLASSPATH
2021-06-27 22:57:14.463+0000 INFO [o.n.k.i.DiagnosticsManager] LIBRARY_PATH
2021-06-27 22:57:14.463+0000 INFO [o.n.k.i.DiagnosticsManager] SYSTEM_PROPERTIES
2021-06-27 22:57:14.463+0000 INFO [o.n.k.i.DiagnosticsManager] TIMEZONE_DATABASE
2021-06-27 22:57:14.463+0000 INFO [o.n.k.i.DiagnosticsManager] LINUX_SCHEDULERS
2021-06-27 22:57:14.463+0000 INFO [o.n.k.i.DiagnosticsManager] NETWORK
2021-06-27 22:57:14.464+0000 INFO [o.n.k.i.DiagnosticsManager] System memory information:
2021-06-27 22:57:14.465+0000 INFO [o.n.k.i.DiagnosticsManager] Total Physical memory: 15.33 GB
2021-06-27 22:57:14.465+0000 INFO [o.n.k.i.DiagnosticsManager] Free Physical memory: 162.94 MB
2021-06-27 22:57:14.465+0000 INFO [o.n.k.i.DiagnosticsManager] Committed virtual memory: 8.18 GB
2021-06-27 22:57:14.465+0000 INFO [o.n.k.i.DiagnosticsManager] Total swap space: 2.00 GB
2021-06-27 22:57:14.466+0000 INFO [o.n.k.i.DiagnosticsManager] Free swap space: 1.23 GB
2021-06-27 22:57:14.466+0000 INFO [o.n.k.i.DiagnosticsManager] JVM memory information:
2021-06-27 22:57:14.466+0000 INFO [o.n.k.i.DiagnosticsManager] Free  memory: 202.15 MB
2021-06-27 22:57:14.466+0000 INFO [o.n.k.i.DiagnosticsManager] Total memory: 315.00 MB
2021-06-27 22:57:14.466+0000 INFO [o.n.k.i.DiagnosticsManager] Max   memory: 3.83 GB
2021-06-27 22:57:14.467+0000 INFO [o.n.k.i.DiagnosticsManager] Garbage Collector: G1 Young Generation: [G1 Eden Space, G1 Survivor Space, G1 Old Gen]
2021-06-27 22:57:14.467+0000 INFO [o.n.k.i.DiagnosticsManager] Garbage Collector: G1 Old Generation: [G1 Eden Space, G1 Survivor Space, G1 Old Gen]
2021-06-27 22:57:14.467+0000 INFO [o.n.k.i.DiagnosticsManager] Memory Pool: CodeHeap 'non-nmethods' (Non-heap memory): committed=2.44 MB, used=1.34 MB, max=7.20 MB, threshold=0.00 B
2021-06-27 22:57:14.467+0000 INFO [o.n.k.i.DiagnosticsManager] Memory Pool: Metaspace (Non-heap memory): committed=44.75 MB, used=42.93 MB, max=-1.00 B, threshold=0.00 B
2021-06-27 22:57:14.467+0000 INFO [o.n.k.i.DiagnosticsManager] Memory Pool: Compressed Class Space (Non-heap memory): committed=6.25 MB, used=5.58 MB, max=1.00 GB, threshold=0.00 B
2021-06-27 22:57:14.467+0000 INFO [o.n.k.i.DiagnosticsManager] Memory Pool: G1 Eden Space (Heap memory): committed=184.00 MB, used=85.00 MB, max=-1.00 B, threshold=?
2021-06-27 22:57:14.467+0000 INFO [o.n.k.i.DiagnosticsManager] Memory Pool: G1 Old Gen (Heap memory): committed=118.00 MB, used=12.85 MB, max=3.83 GB, threshold=0.00 B
2021-06-27 22:57:14.468+0000 INFO [o.n.k.i.DiagnosticsManager] Memory Pool: G1 Survivor Space (Heap memory): committed=13.00 MB, used=13.00 MB, max=-1.00 B, threshold=?
2021-06-27 22:57:14.468+0000 INFO [o.n.k.i.DiagnosticsManager] Memory Pool: CodeHeap 'non-profiled nmethods' (Non-heap memory): committed=7.19 MB, used=7.17 MB, max=232.80 MB, threshold=0.00 B
2021-06-27 22:57:14.468+0000 INFO [o.n.k.i.DiagnosticsManager] Operating system information:
2021-06-27 22:57:14.468+0000 INFO [o.n.k.i.DiagnosticsManager] Operating System: Linux; version: 5.8.0-59-generic; arch: amd64; cpus: 8
2021-06-27 22:57:14.468+0000 INFO [o.n.k.i.DiagnosticsManager] Max number of file descriptors: 1048576
2021-06-27 22:57:14.468+0000 INFO [o.n.k.i.DiagnosticsManager] Number of open file descriptors: 224
2021-06-27 22:57:14.468+0000 INFO [o.n.k.i.DiagnosticsManager] Process id: 206278@FRY-T490s
2021-06-27 22:57:14.468+0000 INFO [o.n.k.i.DiagnosticsManager] Byte order: LITTLE_ENDIAN
2021-06-27 22:57:14.468+0000 INFO [o.n.k.i.DiagnosticsManager] Local timezone: America/Montevideo
2021-06-27 22:57:14.468+0000 INFO [o.n.k.i.DiagnosticsManager] JVM information:
2021-06-27 22:57:14.468+0000 INFO [o.n.k.i.DiagnosticsManager] VM Name: OpenJDK 64-Bit Server VM
2021-06-27 22:57:14.469+0000 INFO [o.n.k.i.DiagnosticsManager] VM Vendor: Ubuntu
2021-06-27 22:57:14.469+0000 INFO [o.n.k.i.DiagnosticsManager] VM Version: 11.0.11+9-Ubuntu-0ubuntu2.20.04
2021-06-27 22:57:14.469+0000 INFO [o.n.k.i.DiagnosticsManager] JIT compiler: HotSpot 64-Bit Tiered Compilers
2021-06-27 22:57:14.469+0000 INFO [o.n.k.i.DiagnosticsManager] VM Arguments: [-agentlib:jdwp=transport=dt_socket,address=127.0.0.1:50905,suspend=y,server=n, -XX:TieredStopAtLevel=1, -Xverify:none, -Dspring.output.ansi.enabled=always, -javaagent:/snap/intellij-idea-ultimate/298/plugins/java/lib/rt/debugger-agent.jar, -Dcom.sun.management.jmxremote, -Dspring.jmx.enabled=true, -Dspring.liveBeansView.mbeanDomain, -Dspring.application.admin.enabled=true, -Dfile.encoding=UTF-8]
2021-06-27 22:57:14.469+0000 INFO [o.n.k.i.DiagnosticsManager] Java classpath:
2021-06-27 22:57:14.471+0000 INFO [o.n.k.i.DiagnosticsManager]  [classpath] /home/fry/.m2/repository/org/neo4j/neo4j-values/3.4.6/neo4j-values-3.4.6.jar
2021-06-27 22:57:14.471+0000 INFO [o.n.k.i.DiagnosticsManager]  [classpath] /home/fry/.m2/repository/org/ow2/asm/asm-commons/7.1/asm-commons-7.1.jar
2021-06-27 22:57:14.471+0000 INFO [o.n.k.i.DiagnosticsManager]  [classpath] /home/fry/.m2/repository/com/datastax/oss/java-driver-core/4.8.0/java-driver-core-4.8.0.jar
2021-06-27 22:57:14.471+0000 INFO [o.n.k.i.DiagnosticsManager]  [classpath] /home/fry/.m2/repository/com/carrotsearch/hppc/0.7.1/hppc-0.7.1.jar
2021-06-27 22:57:14.471+0000 INFO [o.n.k.i.DiagnosticsManager]  [classpath] /home/fry/.m2/repository/org/apache/tomcat/embed/tomcat-embed-core/9.0.48/tomcat-embed-core-9.0.48.jar
2021-06-27 22:57:14.471+0000 INFO [o.n.k.i.DiagnosticsManager]  [classpath] /home/fry/.m2/repository/com/datastax/oss/java-driver-query-builder/4.8.0/java-driver-query-builder-4.8.0.jar
2021-06-27 22:57:14.471+0000 INFO [o.n.k.i.DiagnosticsManager]  [classpath] /home/fry/.m2/repository/org/yaml/snakeyaml/1.28/snakeyaml-1.28.jar
2021-06-27 22:57:14.471+0000 INFO [o.n.k.i.DiagnosticsManager]  [classpath] /home/fry/.m2/repository/com/fasterxml/jackson/module/jackson-module-parameter-names/2.12.3/jackson-module-parameter-names-2.12.3.jar
2021-06-27 22:57:14.471+0000 INFO [o.n.k.i.DiagnosticsManager]  [classpath] /home/fry/.m2/repository/commons-collections/commons-collections/3.2.2/commons-collections-3.2.2.jar
2021-06-27 22:57:14.471+0000 INFO [o.n.k.i.DiagnosticsManager]  [classpath] /home/fry/.m2/repository/org/neo4j/neo4j-io/3.4.6/neo4j-io-3.4.6.jar
2021-06-27 22:57:14.471+0000 INFO [o.n.k.i.DiagnosticsManager]  [classpath] /home/fry/.m2/repository/io/netty/netty-buffer/4.1.65.Final/netty-buffer-4.1.65.Final.jar
2021-06-27 22:57:14.471+0000 INFO [o.n.k.i.DiagnosticsManager]  [classpath] /home/fry/.m2/repository/com/fasterxml/jackson/core/jackson-core/2.12.3/jackson-core-2.12.3.jar
2021-06-27 22:57:14.471+0000 INFO [o.n.k.i.DiagnosticsManager]  [classpath] /home/fry/.m2/repository/io/netty/netty-all/4.1.65.Final/netty-all-4.1.65.Final.jar
2021-06-27 22:57:14.471+0000 INFO [o.n.k.i.DiagnosticsManager]  [classpath] /home/fry/.m2/repository/org/neo4j/neo4j-index/3.4.6/neo4j-index-3.4.6.jar
2021-06-27 22:57:14.471+0000 INFO [o.n.k.i.DiagnosticsManager]  [classpath] /home/fry/.m2/repository/org/neo4j/neo4j-jmx/3.4.6/neo4j-jmx-3.4.6.jar
2021-06-27 22:57:14.471+0000 INFO [o.n.k.i.DiagnosticsManager]  [classpath] /home/fry/.m2/repository/com/fasterxml/jackson/datatype/jackson-datatype-jdk8/2.12.3/jackson-datatype-jdk8-2.12.3.jar
2021-06-27 22:57:14.471+0000 INFO [o.n.k.i.DiagnosticsManager]  [classpath] /home/fry/.m2/repository/org/apache/tomcat/embed/tomcat-embed-websocket/9.0.48/tomcat-embed-websocket-9.0.48.jar
2021-06-27 22:57:14.471+0000 INFO [o.n.k.i.DiagnosticsManager]  [classpath] /home/fry/.m2/repository/org/bouncycastle/bcprov-jdk15on/1.59/bcprov-jdk15on-1.59.jar
2021-06-27 22:57:14.471+0000 INFO [o.n.k.i.DiagnosticsManager]  [classpath] /home/fry/.m2/repository/org/neo4j/neo4j-cypher-expression-3.4/3.4.6/neo4j-cypher-expression-3.4-3.4.6.jar
2021-06-27 22:57:14.471+0000 INFO [o.n.k.i.DiagnosticsManager]  [classpath] /home/fry/.m2/repository/org/ow2/asm/asm-analysis/7.1/asm-analysis-7.1.jar
2021-06-27 22:57:14.472+0000 INFO [o.n.k.i.DiagnosticsManager]  [classpath] /home/fry/.m2/repository/com/github/jnr/jnr-constants/0.9.12/jnr-constants-0.9.12.jar
2021-06-27 22:57:14.472+0000 INFO [o.n.k.i.DiagnosticsManager]  [classpath] /home/fry/.m2/repository/org/neo4j/neo4j/3.4.6/neo4j-3.4.6.jar
2021-06-27 22:57:14.472+0000 INFO [o.n.k.i.DiagnosticsManager]  [classpath] /home/fry/.m2/repository/org/neo4j/neo4j-cypher-logical-plans-3.3/3.3.6/neo4j-cypher-logical-plans-3.3-3.3.6.jar
2021-06-27 22:57:14.472+0000 INFO [o.n.k.i.DiagnosticsManager]  [classpath] /home/fry/.m2/repository/org/neo4j/neo4j-cypher-ir-3.3/3.3.6/neo4j-cypher-ir-3.3-3.3.6.jar
2021-06-27 22:57:14.472+0000 INFO [o.n.k.i.DiagnosticsManager]  [classpath] /home/fry/.m2/repository/org/neo4j/neo4j-consistency-check/3.4.6/neo4j-consistency-check-3.4.6.jar
2021-06-27 22:57:14.472+0000 INFO [o.n.k.i.DiagnosticsManager]  [classpath] /home/fry/.m2/repository/io/netty/netty-common/4.1.65.Final/netty-common-4.1.65.Final.jar
2021-06-27 22:57:14.472+0000 INFO [o.n.k.i.DiagnosticsManager]  [classpath] /home/fry/.m2/repository/org/scala-lang/scala-reflect/2.11.12/scala-reflect-2.11.12.jar
2021-06-27 22:57:14.472+0000 INFO [o.n.k.i.DiagnosticsManager]  [classpath] /home/fry/.m2/repository/org/springframework/boot/spring-boot-starter-json/2.5.2/spring-boot-starter-json-2.5.2.jar
2021-06-27 22:57:14.472+0000 INFO [o.n.k.i.DiagnosticsManager]  [classpath] /home/fry/.m2/repository/com/github/jnr/jffi/1.2.19/jffi-1.2.19-native.jar
2021-06-27 22:57:14.472+0000 INFO [o.n.k.i.DiagnosticsManager]  [classpath] /home/fry/.m2/repository/org/neo4j/neo4j-logging/3.4.6/neo4j-logging-3.4.6.jar
2021-06-27 22:57:14.472+0000 INFO [o.n.k.i.DiagnosticsManager]  [classpath] /home/fry/.m2/repository/org/neo4j/neo4j-graphdb-api/3.4.6/neo4j-graphdb-api-3.4.6.jar
2021-06-27 22:57:14.472+0000 INFO [o.n.k.i.DiagnosticsManager]  [classpath] /home/fry/.m2/repository/org/springframework/boot/spring-boot-starter-tomcat/2.5.2/spring-boot-starter-tomcat-2.5.2.jar
2021-06-27 22:57:14.472+0000 INFO [o.n.k.i.DiagnosticsManager]  [classpath] /home/fry/.m2/repository/com/datastax/oss/native-protocol/1.5.0/native-protocol-1.5.0.jar
2021-06-27 22:57:14.472+0000 INFO [o.n.k.i.DiagnosticsManager]  [classpath] /snap/intellij-idea-ultimate/298/lib/idea_rt.jar
2021-06-27 22:57:14.472+0000 INFO [o.n.k.i.DiagnosticsManager]  [classpath] /home/fry/.m2/repository/org/neo4j/neo4j-cypher-planner-spi-3.4/3.4.6/neo4j-cypher-planner-spi-3.4-3.4.6.jar
2021-06-27 22:57:14.472+0000 INFO [o.n.k.i.DiagnosticsManager]  [classpath] /home/fry/.m2/repository/com/esri/geometry/esri-geometry-api/1.2.1/esri-geometry-api-1.2.1.jar
2021-06-27 22:57:14.472+0000 INFO [o.n.k.i.DiagnosticsManager]  [classpath] /home/fry/.m2/repository/org/neo4j/neo4j-cypher-frontend-3.1/3.1.9/neo4j-cypher-frontend-3.1-3.1.9.jar
2021-06-27 22:57:14.472+0000 INFO [o.n.k.i.DiagnosticsManager]  [classpath] /home/fry/.m2/repository/org/springframework/spring-core/5.3.8/spring-core-5.3.8.jar
2021-06-27 22:57:14.472+0000 INFO [o.n.k.i.DiagnosticsManager]  [classpath] /home/fry/.m2/repository/org/apache/commons/commons-text/1.3/commons-text-1.3.jar
2021-06-27 22:57:14.472+0000 INFO [o.n.k.i.DiagnosticsManager]  [classpath] /home/fry/.m2/repository/org/neo4j/neo4j-lucene-index/3.4.6/neo4j-lucene-index-3.4.6.jar
2021-06-27 22:57:14.472+0000 INFO [o.n.k.i.DiagnosticsManager]  [classpath] /home/fry/.m2/repository/commons-configuration/commons-configuration/1.10/commons-configuration-1.10.jar
2021-06-27 22:57:14.472+0000 INFO [o.n.k.i.DiagnosticsManager]  [classpath] /home/fry/.m2/repository/jakarta/annotation/jakarta.annotation-api/1.3.5/jakarta.annotation-api-1.3.5.jar
2021-06-27 22:57:14.472+0000 INFO [o.n.k.i.DiagnosticsManager]  [classpath] /home/fry/.m2/repository/org/neo4j/neo4j-cypher-compiler-2.3/2.3.12/neo4j-cypher-compiler-2.3-2.3.12.jar
2021-06-27 22:57:14.472+0000 INFO [o.n.k.i.DiagnosticsManager]  [classpath] /home/fry/.m2/repository/org/neo4j/neo4j-cypher-planner-3.4/3.4.6/neo4j-cypher-planner-3.4-3.4.6.jar
2021-06-27 22:57:14.472+0000 INFO [o.n.k.i.DiagnosticsManager]  [classpath] /home/fry/.m2/repository/org/ow2/asm/asm-tree/7.1/asm-tree-7.1.jar
2021-06-27 22:57:14.472+0000 INFO [o.n.k.i.DiagnosticsManager]  [classpath] /home/fry/.m2/repository/org/apache/lucene/lucene-codecs/5.5.5/lucene-codecs-5.5.5.jar
2021-06-27 22:57:14.472+0000 INFO [o.n.k.i.DiagnosticsManager]  [classpath] /home/fry/.m2/repository/org/neo4j/neo4j-command-line/3.4.6/neo4j-command-line-3.4.6.jar
2021-06-27 22:57:14.472+0000 INFO [o.n.k.i.DiagnosticsManager]  [classpath] /home/fry/.m2/repository/com/datastax/oss/java-driver-mapper-runtime/4.8.0/java-driver-mapper-runtime-4.8.0.jar
2021-06-27 22:57:14.472+0000 INFO [o.n.k.i.DiagnosticsManager]  [classpath] /home/fry/.m2/repository/org/neo4j/neo4j-cypher-frontend-3.3/3.3.6/neo4j-cypher-frontend-3.3-3.3.6.jar
2021-06-27 22:57:14.472+0000 INFO [o.n.k.i.DiagnosticsManager]  [classpath] /home/fry/.m2/repository/org/springframework/spring-jcl/5.3.8/spring-jcl-5.3.8.jar
2021-06-27 22:57:14.472+0000 INFO [o.n.k.i.DiagnosticsManager]  [classpath] /home/fry/.m2/repository/commons-lang/commons-lang/2.6/commons-lang-2.6.jar
2021-06-27 22:57:14.472+0000 INFO [o.n.k.i.DiagnosticsManager]  [classpath] /home/fry/.m2/repository/org/neo4j/neo4j-cypher-ir-3.4/3.4.6/neo4j-cypher-ir-3.4-3.4.6.jar
2021-06-27 22:57:14.473+0000 INFO [o.n.k.i.DiagnosticsManager]  [classpath] /home/fry/.m2/repository/org/neo4j/neo4j-import-tool/3.4.6/neo4j-import-tool-3.4.6.jar
2021-06-27 22:57:14.473+0000 INFO [o.n.k.i.DiagnosticsManager]  [classpath] /home/fry/.m2/repository/io/netty/netty-transport/4.1.65.Final/netty-transport-4.1.65.Final.jar
2021-06-27 22:57:14.473+0000 INFO [o.n.k.i.DiagnosticsManager]  [classpath] /home/fry/.m2/repository/org/neo4j/neo4j-procedure-api/3.4.6/neo4j-procedure-api-3.4.6.jar
2021-06-27 22:57:14.473+0000 INFO [o.n.k.i.DiagnosticsManager]  [classpath] /home/fry/.m2/repository/com/profesorfalken/jPowerShell/1.9/jPowerShell-1.9.jar
2021-06-27 22:57:14.473+0000 INFO [o.n.k.i.DiagnosticsManager]  [classpath] /home/fry/.m2/repository/org/neo4j/neo4j-cypher-util-3.4/3.4.6/neo4j-cypher-util-3.4-3.4.6.jar
2021-06-27 22:57:14.473+0000 INFO [o.n.k.i.DiagnosticsManager]  [classpath] /home/fry/.m2/repository/org/neo4j/neo4j-lucene-upgrade/3.4.6/neo4j-lucene-upgrade-3.4.6.jar
2021-06-27 22:57:14.473+0000 INFO [o.n.k.i.DiagnosticsManager]  [classpath] /home/fry/.m2/repository/com/typesafe/config/1.3.4/config-1.3.4.jar
2021-06-27 22:57:14.473+0000 INFO [o.n.k.i.DiagnosticsManager]  [classpath] /home/fry/.m2/repository/com/google/errorprone/error_prone_annotations/2.5.1/error_prone_annotations-2.5.1.jar
2021-06-27 22:57:14.473+0000 INFO [o.n.k.i.DiagnosticsManager]  [classpath] /home/fry/.m2/repository/org/apache/tinkerpop/tinkergraph-gremlin/3.4.5/tinkergraph-gremlin-3.4.5.jar
2021-06-27 22:57:14.473+0000 INFO [o.n.k.i.DiagnosticsManager]  [classpath] /home/fry/.m2/repository/com/googlecode/concurrentlinkedhashmap/concurrentlinkedhashmap-lru/1.4.2/concurrentlinkedhashmap-lru-1.4.2.jar
2021-06-27 22:57:14.473+0000 INFO [o.n.k.i.DiagnosticsManager]  [classpath] /home/fry/.m2/repository/org/neo4j/neo4j-cypher-logical-plans-3.4/3.4.6/neo4j-cypher-logical-plans-3.4-3.4.6.jar
2021-06-27 22:57:14.473+0000 INFO [o.n.k.i.DiagnosticsManager]  [classpath] /home/fry/.m2/repository/org/slf4j/jul-to-slf4j/1.7.31/jul-to-slf4j-1.7.31.jar
2021-06-27 22:57:14.473+0000 INFO [o.n.k.i.DiagnosticsManager]  [classpath] /home/fry/.m2/repository/org/neo4j/neo4j-kernel/3.4.6/neo4j-kernel-3.4.6.jar
2021-06-27 22:57:14.473+0000 INFO [o.n.k.i.DiagnosticsManager]  [classpath] /home/fry/.m2/repository/org/neo4j/neo4j-collections/3.4.6/neo4j-collections-3.4.6.jar
2021-06-27 22:57:14.473+0000 INFO [o.n.k.i.DiagnosticsManager]  [classpath] /home/fry/.m2/repository/org/apache/tomcat/embed/tomcat-embed-el/9.0.48/tomcat-embed-el-9.0.48.jar
2021-06-27 22:57:14.473+0000 INFO [o.n.k.i.DiagnosticsManager]  [classpath] /home/fry/.m2/repository/org/neo4j/neo4j-spatial-index/3.4.6/neo4j-spatial-index-3.4.6.jar
2021-06-27 22:57:14.473+0000 INFO [o.n.k.i.DiagnosticsManager]  [classpath] /home/fry/.m2/repository/com/github/stephenc/jcip/jcip-annotations/1.0-1/jcip-annotations-1.0-1.jar
2021-06-27 22:57:14.473+0000 INFO [o.n.k.i.DiagnosticsManager]  [classpath] /home/fry/.m2/repository/org/neo4j/neo4j-codegen/3.4.6/neo4j-codegen-3.4.6.jar
2021-06-27 22:57:14.473+0000 INFO [o.n.k.i.DiagnosticsManager]  [classpath] /home/fry/.m2/repository/org/apache/lucene/lucene-backward-codecs/5.5.0/lucene-backward-codecs-5.5.0.jar
2021-06-27 22:57:14.473+0000 INFO [o.n.k.i.DiagnosticsManager]  [classpath] /home/fry/.m2/repository/com/fasterxml/jackson/core/jackson-annotations/2.12.3/jackson-annotations-2.12.3.jar
2021-06-27 22:57:14.473+0000 INFO [o.n.k.i.DiagnosticsManager]  [classpath] /home/fry/.m2/repository/com/profesorfalken/WMI4Java/1.6.1/WMI4Java-1.6.1.jar
2021-06-27 22:57:14.473+0000 INFO [o.n.k.i.DiagnosticsManager]  [classpath] /home/fry/.m2/repository/org/bouncycastle/bcpkix-jdk15on/1.59/bcpkix-jdk15on-1.59.jar
2021-06-27 22:57:14.473+0000 INFO [o.n.k.i.DiagnosticsManager]  [classpath] /home/fry/.m2/repository/com/github/jnr/jnr-a64asm/1.0.0/jnr-a64asm-1.0.0.jar
2021-06-27 22:57:14.473+0000 INFO [o.n.k.i.DiagnosticsManager]  [classpath] /home/fry/.m2/repository/org/codehaus/jackson/jackson-core-asl/1.9.12/jackson-core-asl-1.9.12.jar
2021-06-27 22:57:14.473+0000 INFO [o.n.k.i.DiagnosticsManager]  [classpath] /home/fry/.m2/repository/com/google/code/findbugs/jsr305/3.0.2/jsr305-3.0.2.jar
2021-06-27 22:57:14.473+0000 INFO [o.n.k.i.DiagnosticsManager]  [classpath] /home/fry/.m2/repository/org/springframework/boot/spring-boot-autoconfigure/2.5.2/spring-boot-autoconfigure-2.5.2.jar
2021-06-27 22:57:14.473+0000 INFO [o.n.k.i.DiagnosticsManager]  [classpath] /home/fry/.m2/repository/org/springframework/boot/spring-boot-starter-logging/2.5.2/spring-boot-starter-logging-2.5.2.jar
2021-06-27 22:57:14.473+0000 INFO [o.n.k.i.DiagnosticsManager]  [classpath] /home/fry/.m2/repository/org/springframework/spring-expression/5.3.8/spring-expression-5.3.8.jar
2021-06-27 22:57:14.473+0000 INFO [o.n.k.i.DiagnosticsManager]  [classpath] /home/fry/.m2/repository/org/apache/commons/commons-lang3/3.12.0/commons-lang3-3.12.0.jar
2021-06-27 22:57:14.473+0000 INFO [o.n.k.i.DiagnosticsManager]  [classpath] /home/fry/.m2/repository/com/github/jnr/jnr-ffi/2.1.10/jnr-ffi-2.1.10.jar
2021-06-27 22:57:14.473+0000 INFO [o.n.k.i.DiagnosticsManager]  [classpath] /home/fry/.m2/repository/org/apache/logging/log4j/log4j-api/2.14.1/log4j-api-2.14.1.jar
2021-06-27 22:57:14.473+0000 INFO [o.n.k.i.DiagnosticsManager]  [classpath] /home/fry/.m2/repository/org/springframework/spring-web/5.3.8/spring-web-5.3.8.jar
2021-06-27 22:57:14.473+0000 INFO [o.n.k.i.DiagnosticsManager]  [classpath] /home/fry/.m2/repository/com/github/jnr/jffi/1.2.19/jffi-1.2.19.jar
2021-06-27 22:57:14.473+0000 INFO [o.n.k.i.DiagnosticsManager]  [classpath] /home/fry/.m2/repository/org/springframework/spring-beans/5.3.8/spring-beans-5.3.8.jar
2021-06-27 22:57:14.473+0000 INFO [o.n.k.i.DiagnosticsManager]  [classpath] /home/fry/.m2/repository/com/datastax/oss/java-driver-shaded-guava/25.1-jre-graal-sub-1/java-driver-shaded-guava-25.1-jre-graal-sub-1.jar
2021-06-27 22:57:14.473+0000 INFO [o.n.k.i.DiagnosticsManager]  [classpath] /home/fry/.m2/repository/com/squareup/javapoet/1.11.1/javapoet-1.11.1.jar
2021-06-27 22:57:14.474+0000 INFO [o.n.k.i.DiagnosticsManager]  [classpath] /home/fry/.m2/repository/org/neo4j/neo4j-cypher-compiler-3.1/3.1.9/neo4j-cypher-compiler-3.1-3.1.9.jar
2021-06-27 22:57:14.474+0000 INFO [o.n.k.i.DiagnosticsManager]  [classpath] /home/fry/.m2/repository/ch/qos/logback/logback-core/1.2.3/logback-core-1.2.3.jar
2021-06-27 22:57:14.474+0000 INFO [o.n.k.i.DiagnosticsManager]  [classpath] /home/fry/.m2/repository/org/codehaus/groovy/groovy/2.5.7/groovy-2.5.7-indy.jar
2021-06-27 22:57:14.474+0000 INFO [o.n.k.i.DiagnosticsManager]  [classpath] /home/fry/.m2/repository/com/github/ben-manes/caffeine/caffeine/2.9.1/caffeine-2.9.1.jar
2021-06-27 22:57:14.474+0000 INFO [o.n.k.i.DiagnosticsManager]  [classpath] /home/fry/.m2/repository/com/datastax/oss/java-driver-mapper-processor/4.8.0/java-driver-mapper-processor-4.8.0.jar
2021-06-27 22:57:14.474+0000 INFO [o.n.k.i.DiagnosticsManager]  [classpath] /home/fry/.m2/repository/org/springframework/spring-webmvc/5.3.8/spring-webmvc-5.3.8.jar
2021-06-27 22:57:14.474+0000 INFO [o.n.k.i.DiagnosticsManager]  [classpath] /home/fry/.m2/repository/io/netty/netty-codec/4.1.65.Final/netty-codec-4.1.65.Final.jar
2021-06-27 22:57:14.474+0000 INFO [o.n.k.i.DiagnosticsManager]  [classpath] /home/fry/.m2/repository/org/codehaus/groovy/groovy-json/2.5.7/groovy-json-2.5.7-indy.jar
2021-06-27 22:57:14.474+0000 INFO [o.n.k.i.DiagnosticsManager]  [classpath] /home/fry/.m2/repository/org/neo4j/neo4j-unsafe/3.4.6/neo4j-unsafe-3.4.6.jar
2021-06-27 22:57:14.474+0000 INFO [o.n.k.i.DiagnosticsManager]  [classpath] /home/fry/.m2/repository/org/neo4j/neo4j-cypher-compiler-3.3/3.3.6/neo4j-cypher-compiler-3.3-3.3.6.jar
2021-06-27 22:57:14.474+0000 INFO [o.n.k.i.DiagnosticsManager]  [classpath] /home/fry/.m2/repository/org/neo4j/neo4j-primitive-collections/3.4.6/neo4j-primitive-collections-3.4.6.jar
2021-06-27 22:57:14.474+0000 INFO [o.n.k.i.DiagnosticsManager]  [classpath] /home/fry/.m2/repository/org/apache/lucene/lucene-core/5.5.5/lucene-core-5.5.5.jar
2021-06-27 22:57:14.474+0000 INFO [o.n.k.i.DiagnosticsManager]  [classpath] /home/fry/.m2/repository/org/apache/tinkerpop/gremlin-shaded/3.4.5/gremlin-shaded-3.4.5.jar
2021-06-27 22:57:14.474+0000 INFO [o.n.k.i.DiagnosticsManager]  [classpath] /home/fry/.m2/repository/org/scala-lang/scala-library/2.11.12/scala-library-2.11.12.jar
2021-06-27 22:57:14.474+0000 INFO [o.n.k.i.DiagnosticsManager]  [classpath] /home/fry/.m2/repository/com/github/jnr/jnr-posix/3.0.50/jnr-posix-3.0.50.jar
2021-06-27 22:57:14.474+0000 INFO [o.n.k.i.DiagnosticsManager]  [classpath] /home/fry/.m2/repository/org/javatuples/javatuples/1.2/javatuples-1.2.jar
2021-06-27 22:57:14.474+0000 INFO [o.n.k.i.DiagnosticsManager]  [classpath] /home/fry/.m2/repository/org/neo4j/neo4j-csv/3.4.6/neo4j-csv-3.4.6.jar
2021-06-27 22:57:14.474+0000 INFO [o.n.k.i.DiagnosticsManager]  [classpath] /home/fry/.m2/repository/org/slf4j/slf4j-api/1.7.31/slf4j-api-1.7.31.jar
2021-06-27 22:57:14.474+0000 INFO [o.n.k.i.DiagnosticsManager]  [classpath] /home/fry/.m2/repository/com/jcabi/jcabi-log/0.14/jcabi-log-0.14.jar
2021-06-27 22:57:14.474+0000 INFO [o.n.k.i.DiagnosticsManager]  [classpath] /home/fry/.m2/repository/ch/qos/logback/logback-classic/1.2.3/logback-classic-1.2.3.jar
2021-06-27 22:57:14.474+0000 INFO [o.n.k.i.DiagnosticsManager]  [classpath] /home/fry/.m2/repository/io/netty/netty-resolver/4.1.65.Final/netty-resolver-4.1.65.Final.jar
2021-06-27 22:57:14.474+0000 INFO [o.n.k.i.DiagnosticsManager]  [classpath] /home/fry/.m2/repository/com/fasterxml/jackson/datatype/jackson-datatype-jsr310/2.12.3/jackson-datatype-jsr310-2.12.3.jar
2021-06-27 22:57:14.474+0000 INFO [o.n.k.i.DiagnosticsManager]  [classpath] /home/fry/.m2/repository/org/projectlombok/lombok/1.18.20/lombok-1.18.20.jar
2021-06-27 22:57:14.474+0000 INFO [o.n.k.i.DiagnosticsManager]  [classpath] /home/fry/.m2/repository/org/neo4j/neo4j-ssl/3.4.6/neo4j-ssl-3.4.6.jar
2021-06-27 22:57:14.474+0000 INFO [o.n.k.i.DiagnosticsManager]  [classpath] /home/fry/.m2/repository/org/neo4j/neo4j-kernel-api/3.4.6/neo4j-kernel-api-3.4.6.jar
2021-06-27 22:57:14.474+0000 INFO [o.n.k.i.DiagnosticsManager]  [classpath] /home/fry/.m2/repository/org/neo4j/neo4j-cypher/3.4.6/neo4j-cypher-3.4.6.jar
2021-06-27 22:57:14.474+0000 INFO [o.n.k.i.DiagnosticsManager]  [classpath] /home/fry/.m2/repository/com/jcabi/jcabi-manifests/1.1/jcabi-manifests-1.1.jar
2021-06-27 22:57:14.474+0000 INFO [o.n.k.i.DiagnosticsManager]  [classpath] /home/fry/.m2/repository/org/ow2/asm/asm/7.1/asm-7.1.jar
2021-06-27 22:57:14.474+0000 INFO [o.n.k.i.DiagnosticsManager]  [classpath] /home/fry/.m2/repository/org/neo4j/neo4j-configuration/3.4.6/neo4j-configuration-3.4.6.jar
2021-06-27 22:57:14.474+0000 INFO [o.n.k.i.DiagnosticsManager]  [classpath] /home/fry/.m2/repository/org/springframework/spring-aop/5.3.8/spring-aop-5.3.8.jar
2021-06-27 22:57:14.474+0000 INFO [o.n.k.i.DiagnosticsManager]  [classpath] /home/fry/.m2/repository/org/neo4j/neo4j-cypher-frontend-2.3/2.3.12/neo4j-cypher-frontend-2.3-2.3.12.jar
2021-06-27 22:57:14.474+0000 INFO [o.n.k.i.DiagnosticsManager]  [classpath] /home/fry/.m2/repository/org/checkerframework/checker-qual/3.10.0/checker-qual-3.10.0.jar
2021-06-27 22:57:14.474+0000 INFO [o.n.k.i.DiagnosticsManager]  [classpath] /home/fry/.m2/repository/org/ow2/asm/asm-util/7.1/asm-util-7.1.jar
2021-06-27 22:57:14.474+0000 INFO [o.n.k.i.DiagnosticsManager]  [classpath] /home/fry/.m2/repository/org/neo4j/neo4j-graph-matching/3.1.9/neo4j-graph-matching-3.1.9.jar
2021-06-27 22:57:14.474+0000 INFO [o.n.k.i.DiagnosticsManager]  [classpath] /home/fry/.m2/repository/org/json/json/20090211/json-20090211.jar
2021-06-27 22:57:14.474+0000 INFO [o.n.k.i.DiagnosticsManager]  [classpath] /home/fry/.m2/repository/org/reactivestreams/reactive-streams/1.0.3/reactive-streams-1.0.3.jar
2021-06-27 22:57:14.474+0000 INFO [o.n.k.i.DiagnosticsManager]  [classpath] /home/fry/.m2/repository/org/neo4j/neo4j-common/3.4.6/neo4j-common-3.4.6.jar
2021-06-27 22:57:14.474+0000 INFO [o.n.k.i.DiagnosticsManager]  [classpath] /home/fry/.m2/repository/org/neo4j/neo4j-resource/3.4.6/neo4j-resource-3.4.6.jar
2021-06-27 22:57:14.474+0000 INFO [o.n.k.i.DiagnosticsManager]  [classpath] /home/fry/.m2/repository/org/apache/tinkerpop/gremlin-driver/3.4.5/gremlin-driver-3.4.5.jar
2021-06-27 22:57:14.474+0000 INFO [o.n.k.i.DiagnosticsManager]  [classpath] /home/fry/.m2/repository/org/springframework/boot/spring-boot-starter/2.5.2/spring-boot-starter-2.5.2.jar
2021-06-27 22:57:14.475+0000 INFO [o.n.k.i.DiagnosticsManager]  [classpath] /home/fry/.m2/repository/org/neo4j/neo4j-dbms/3.4.6/neo4j-dbms-3.4.6.jar
2021-06-27 22:57:14.475+0000 INFO [o.n.k.i.DiagnosticsManager]  [classpath] /home/fry/.m2/repository/com/github/spotbugs/spotbugs-annotations/3.1.12/spotbugs-annotations-3.1.12.jar
2021-06-27 22:57:14.475+0000 INFO [o.n.k.i.DiagnosticsManager]  [classpath] /home/fry/.m2/repository/org/apache/tinkerpop/gremlin-core/3.4.5/gremlin-core-3.4.5.jar
2021-06-27 22:57:14.475+0000 INFO [o.n.k.i.DiagnosticsManager]  [classpath] /home/fry/.m2/repository/org/neo4j/neo4j-udc/3.4.6/neo4j-udc-3.4.6.jar
2021-06-27 22:57:14.475+0000 INFO [o.n.k.i.DiagnosticsManager]  [classpath] /home/fry/.m2/repository/org/springframework/boot/spring-boot-starter-web/2.5.2/spring-boot-starter-web-2.5.2.jar
2021-06-27 22:57:14.475+0000 INFO [o.n.k.i.DiagnosticsManager]  [classpath] /home/fry/.m2/repository/org/springframework/boot/spring-boot/2.5.2/spring-boot-2.5.2.jar
2021-06-27 22:57:14.475+0000 INFO [o.n.k.i.DiagnosticsManager]  [classpath] /home/fry/.m2/repository/org/parboiled/parboiled-core/1.1.7/parboiled-core-1.1.7.jar
2021-06-27 22:57:14.475+0000 INFO [o.n.k.i.DiagnosticsManager]  [classpath] /home/fry/.m2/repository/io/netty/netty-handler/4.1.65.Final/netty-handler-4.1.65.Final.jar
2021-06-27 22:57:14.475+0000 INFO [o.n.k.i.DiagnosticsManager]  [classpath] /home/fry/.m2/repository/org/parboiled/parboiled-scala_2.11/1.1.7/parboiled-scala_2.11-1.1.7.jar
2021-06-27 22:57:14.475+0000 INFO [o.n.k.i.DiagnosticsManager]  [classpath] /home/fry/.m2/repository/io/dropwizard/metrics/metrics-core/4.1.24/metrics-core-4.1.24.jar
2021-06-27 22:57:14.475+0000 INFO [o.n.k.i.DiagnosticsManager]  [classpath] /home/fry/.m2/repository/com/github/jnr/jnr-x86asm/1.0.2/jnr-x86asm-1.0.2.jar
2021-06-27 22:57:14.475+0000 INFO [o.n.k.i.DiagnosticsManager]  [classpath] /home/fry/.m2/repository/org/apache/lucene/lucene-queryparser/5.5.5/lucene-queryparser-5.5.5.jar
2021-06-27 22:57:14.475+0000 INFO [o.n.k.i.DiagnosticsManager]  [classpath] /home/fry/.m2/repository/org/neo4j/neo4j-graph-algo/3.4.6/neo4j-graph-algo-3.4.6.jar
2021-06-27 22:57:14.475+0000 INFO [o.n.k.i.DiagnosticsManager]  [classpath] /home/fry/.m2/repository/org/neo4j/openCypher-frontend-1/3.4.6/openCypher-frontend-1-3.4.6.jar
2021-06-27 22:57:14.475+0000 INFO [o.n.k.i.DiagnosticsManager]  [classpath] /home/fry/.m2/repository/net/objecthunter/exp4j/0.4.8/exp4j-0.4.8.jar
2021-06-27 22:57:14.475+0000 INFO [o.n.k.i.DiagnosticsManager]  [classpath] /home/fry/.m2/repository/com/fasterxml/jackson/core/jackson-databind/2.12.3/jackson-databind-2.12.3.jar
2021-06-27 22:57:14.475+0000 INFO [o.n.k.i.DiagnosticsManager]  [classpath] /home/fry/.m2/repository/org/apache/lucene/lucene-analyzers-common/5.5.5/lucene-analyzers-common-5.5.5.jar
2021-06-27 22:57:14.475+0000 INFO [o.n.k.i.DiagnosticsManager]  [classpath] /home/fry/ORT/BDNR/Obligatorio2/strava-app/strava-api/target/classes
2021-06-27 22:57:14.475+0000 INFO [o.n.k.i.DiagnosticsManager]  [classpath] /home/fry/.m2/repository/org/neo4j/neo4j-cypher-runtime-util/3.4.6/neo4j-cypher-runtime-util-3.4.6.jar
2021-06-27 22:57:14.475+0000 INFO [o.n.k.i.DiagnosticsManager]  [classpath] /home/fry/.m2/repository/org/apache/logging/log4j/log4j-to-slf4j/2.14.1/log4j-to-slf4j-2.14.1.jar
2021-06-27 22:57:14.475+0000 INFO [o.n.k.i.DiagnosticsManager]  [classpath] /home/fry/.m2/repository/org/jprocesses/jProcesses/1.6.4/jProcesses-1.6.4.jar
2021-06-27 22:57:14.475+0000 INFO [o.n.k.i.DiagnosticsManager]  [classpath] /home/fry/.m2/repository/org/apache/commons/commons-compress/1.16.1/commons-compress-1.16.1.jar
2021-06-27 22:57:14.475+0000 INFO [o.n.k.i.DiagnosticsManager]  [classpath] /home/fry/.m2/repository/org/neo4j/neo4j-cypher-interpreted-runtime/3.4.6/neo4j-cypher-interpreted-runtime-3.4.6.jar
2021-06-27 22:57:14.475+0000 INFO [o.n.k.i.DiagnosticsManager]  [classpath] /home/fry/.m2/repository/net/sf/opencsv/opencsv/2.3/opencsv-2.3.jar
2021-06-27 22:57:14.475+0000 INFO [o.n.k.i.DiagnosticsManager]  [classpath] /home/fry/.m2/repository/org/objenesis/objenesis/3.2/objenesis-3.2.jar
2021-06-27 22:57:14.475+0000 INFO [o.n.k.i.DiagnosticsManager]  [classpath] /home/fry/.m2/repository/org/springframework/spring-context/5.3.8/spring-context-5.3.8.jar
2021-06-27 22:57:14.475+0000 INFO [o.n.k.i.DiagnosticsManager]  [classpath] /home/fry/.m2/repository/org/hdrhistogram/HdrHistogram/2.1.11/HdrHistogram-2.1.11.jar
2021-06-27 22:57:14.475+0000 INFO [o.n.k.i.DiagnosticsManager] Library path:
2021-06-27 22:57:14.475+0000 INFO [o.n.k.i.DiagnosticsManager] /usr/java/packages/lib
2021-06-27 22:57:14.475+0000 INFO [o.n.k.i.DiagnosticsManager] /usr/lib/x86_64-linux-gnu/jni
2021-06-27 22:57:14.475+0000 INFO [o.n.k.i.DiagnosticsManager] /usr/lib/x86_64-linux-gnu
2021-06-27 22:57:14.475+0000 INFO [o.n.k.i.DiagnosticsManager] /usr/lib/x86_64-linux-gnu
2021-06-27 22:57:14.475+0000 INFO [o.n.k.i.DiagnosticsManager] /usr/lib/jni
2021-06-27 22:57:14.475+0000 INFO [o.n.k.i.DiagnosticsManager] /usr/lib
2021-06-27 22:57:14.475+0000 INFO [o.n.k.i.DiagnosticsManager] /usr/lib
2021-06-27 22:57:14.475+0000 INFO [o.n.k.i.DiagnosticsManager] System.properties:
2021-06-27 22:57:14.475+0000 INFO [o.n.k.i.DiagnosticsManager] sun.desktop = gnome
2021-06-27 22:57:14.475+0000 INFO [o.n.k.i.DiagnosticsManager] awt.toolkit = sun.awt.X11.XToolkit
2021-06-27 22:57:14.475+0000 INFO [o.n.k.i.DiagnosticsManager] sun.cpu.isalist = 
2021-06-27 22:57:14.476+0000 INFO [o.n.k.i.DiagnosticsManager] sun.jnu.encoding = UTF-8
2021-06-27 22:57:14.476+0000 INFO [o.n.k.i.DiagnosticsManager] sun.arch.data.model = 64
2021-06-27 22:57:14.476+0000 INFO [o.n.k.i.DiagnosticsManager] catalina.useNaming = false
2021-06-27 22:57:14.476+0000 INFO [o.n.k.i.DiagnosticsManager] user.timezone = America/Montevideo
2021-06-27 22:57:14.476+0000 INFO [o.n.k.i.DiagnosticsManager] sun.java.launcher = SUN_STANDARD
2021-06-27 22:57:14.476+0000 INFO [o.n.k.i.DiagnosticsManager] user.country = UY
2021-06-27 22:57:14.476+0000 INFO [o.n.k.i.DiagnosticsManager] sun.boot.library.path = /usr/lib/jvm/java-11-openjdk-amd64/lib
2021-06-27 22:57:14.476+0000 INFO [o.n.k.i.DiagnosticsManager] spring.application.admin.enabled = true
2021-06-27 22:57:14.476+0000 INFO [o.n.k.i.DiagnosticsManager] sun.java.command = com.strava.api.stravaapi.StravaApiApplication
2021-06-27 22:57:14.476+0000 INFO [o.n.k.i.DiagnosticsManager] com.sun.management.jmxremote = 
2021-06-27 22:57:14.476+0000 INFO [o.n.k.i.DiagnosticsManager] jdk.debug = release
2021-06-27 22:57:14.476+0000 INFO [o.n.k.i.DiagnosticsManager] sun.cpu.endian = little
2021-06-27 22:57:14.476+0000 INFO [o.n.k.i.DiagnosticsManager] spring.liveBeansView.mbeanDomain = 
2021-06-27 22:57:14.476+0000 INFO [o.n.k.i.DiagnosticsManager] user.home = /home/fry
2021-06-27 22:57:14.476+0000 INFO [o.n.k.i.DiagnosticsManager] user.language = es
2021-06-27 22:57:14.476+0000 INFO [o.n.k.i.DiagnosticsManager] file.separator = /
2021-06-27 22:57:14.476+0000 INFO [o.n.k.i.DiagnosticsManager] spring.output.ansi.enabled = always
2021-06-27 22:57:14.476+0000 INFO [o.n.k.i.DiagnosticsManager] intellij.debug.agent = true
2021-06-27 22:57:14.476+0000 INFO [o.n.k.i.DiagnosticsManager] FILE_LOG_CHARSET = UTF-8
2021-06-27 22:57:14.476+0000 INFO [o.n.k.i.DiagnosticsManager] sun.management.compiler = HotSpot 64-Bit Tiered Compilers
2021-06-27 22:57:14.476+0000 INFO [o.n.k.i.DiagnosticsManager] user.name = fry
2021-06-27 22:57:14.476+0000 INFO [o.n.k.i.DiagnosticsManager] spring.jmx.enabled = true
2021-06-27 22:57:14.476+0000 INFO [o.n.k.i.DiagnosticsManager] path.separator = :
2021-06-27 22:57:14.476+0000 INFO [o.n.k.i.DiagnosticsManager] file.encoding = UTF-8
2021-06-27 22:57:14.476+0000 INFO [o.n.k.i.DiagnosticsManager] spring.beaninfo.ignore = true
2021-06-27 22:57:14.476+0000 INFO [o.n.k.i.DiagnosticsManager] sun.nio.ch.bugLevel = 
2021-06-27 22:57:14.476+0000 INFO [o.n.k.i.DiagnosticsManager] catalina.home = /tmp/tomcat.8080.6430783386579493164
2021-06-27 22:57:14.476+0000 INFO [o.n.k.i.DiagnosticsManager] jboss.modules.system.pkgs = com.intellij.rt
2021-06-27 22:57:14.476+0000 INFO [o.n.k.i.DiagnosticsManager] user.dir = /home/fry/ORT/BDNR/Obligatorio2/strava-app/strava-api
2021-06-27 22:57:14.476+0000 INFO [o.n.k.i.DiagnosticsManager] PID = 206278
2021-06-27 22:57:14.476+0000 INFO [o.n.k.i.DiagnosticsManager] sun.os.patch.level = unknown
2021-06-27 22:57:14.476+0000 INFO [o.n.k.i.DiagnosticsManager] CONSOLE_LOG_CHARSET = UTF-8
2021-06-27 22:57:14.476+0000 INFO [o.n.k.i.DiagnosticsManager] catalina.base = /tmp/tomcat.8080.6430783386579493164
2021-06-27 22:57:14.476+0000 INFO [o.n.k.i.DiagnosticsManager] sun.io.unicode.encoding = UnicodeLittle
2021-06-27 22:57:14.476+0000 INFO [o.n.k.i.DiagnosticsManager] (IANA) TimeZone Database Version:
2021-06-27 22:57:14.491+0000 INFO [o.n.k.i.DiagnosticsManager]   TimeZone version: 2021a (available for 600 zone identifiers)
2021-06-27 22:57:14.491+0000 INFO [o.n.k.i.DiagnosticsManager] Linux scheduler information:
2021-06-27 22:57:14.492+0000 INFO [o.n.k.i.DiagnosticsManager] [mq-deadline] none
2021-06-27 22:57:14.492+0000 INFO [o.n.k.i.DiagnosticsManager] [mq-deadline] none
2021-06-27 22:57:14.492+0000 INFO [o.n.k.i.DiagnosticsManager] [none] mq-deadline 
2021-06-27 22:57:14.492+0000 INFO [o.n.k.i.DiagnosticsManager] [mq-deadline] none
2021-06-27 22:57:14.492+0000 INFO [o.n.k.i.DiagnosticsManager] [mq-deadline] none
2021-06-27 22:57:14.492+0000 INFO [o.n.k.i.DiagnosticsManager] [mq-deadline] none
2021-06-27 22:57:14.492+0000 INFO [o.n.k.i.DiagnosticsManager] [mq-deadline] none
2021-06-27 22:57:14.492+0000 INFO [o.n.k.i.DiagnosticsManager] [mq-deadline] none
2021-06-27 22:57:14.492+0000 INFO [o.n.k.i.DiagnosticsManager] [mq-deadline] none
2021-06-27 22:57:14.492+0000 INFO [o.n.k.i.DiagnosticsManager] [mq-deadline] none
2021-06-27 22:57:14.492+0000 INFO [o.n.k.i.DiagnosticsManager] [mq-deadline] none
2021-06-27 22:57:14.492+0000 INFO [o.n.k.i.DiagnosticsManager] [mq-deadline] none
2021-06-27 22:57:14.493+0000 INFO [o.n.k.i.DiagnosticsManager] [mq-deadline] none
2021-06-27 22:57:14.493+0000 INFO [o.n.k.i.DiagnosticsManager] [mq-deadline] none
2021-06-27 22:57:14.493+0000 INFO [o.n.k.i.DiagnosticsManager] [mq-deadline] none
2021-06-27 22:57:14.493+0000 INFO [o.n.k.i.DiagnosticsManager] [mq-deadline] none
2021-06-27 22:57:14.493+0000 INFO [o.n.k.i.DiagnosticsManager] [mq-deadline] none
2021-06-27 22:57:14.493+0000 INFO [o.n.k.i.DiagnosticsManager] [mq-deadline] none
2021-06-27 22:57:14.493+0000 INFO [o.n.k.i.DiagnosticsManager] [mq-deadline] none
2021-06-27 22:57:14.493+0000 INFO [o.n.k.i.DiagnosticsManager] [mq-deadline] none
2021-06-27 22:57:14.493+0000 INFO [o.n.k.i.DiagnosticsManager] [mq-deadline] none
2021-06-27 22:57:14.493+0000 INFO [o.n.k.i.DiagnosticsManager] [mq-deadline] none
2021-06-27 22:57:14.493+0000 INFO [o.n.k.i.DiagnosticsManager] [mq-deadline] none
2021-06-27 22:57:14.493+0000 INFO [o.n.k.i.DiagnosticsManager] [mq-deadline] none
2021-06-27 22:57:14.494+0000 INFO [o.n.k.i.DiagnosticsManager] [mq-deadline] none
2021-06-27 22:57:14.494+0000 INFO [o.n.k.i.DiagnosticsManager] [mq-deadline] none
2021-06-27 22:57:14.494+0000 INFO [o.n.k.i.DiagnosticsManager] Network information:
2021-06-27 22:57:14.494+0000 INFO [o.n.k.i.DiagnosticsManager] Interface ppp0:
2021-06-27 22:57:14.494+0000 INFO [o.n.k.i.DiagnosticsManager]     address: 192.168.4.197
2021-06-27 22:57:14.494+0000 INFO [o.n.k.i.DiagnosticsManager] Interface br-ff9ce2125d1d:
2021-06-27 22:57:14.494+0000 INFO [o.n.k.i.DiagnosticsManager]     address: fe80:0:0:0:42:e2ff:fead:3b5e%br-ff9ce2125d1d
2021-06-27 22:57:14.494+0000 INFO [o.n.k.i.DiagnosticsManager]     address: 172.20.0.1
2021-06-27 22:57:14.494+0000 INFO [o.n.k.i.DiagnosticsManager] Interface docker0:
2021-06-27 22:57:14.494+0000 INFO [o.n.k.i.DiagnosticsManager]     address: 172.17.0.1
2021-06-27 22:57:14.494+0000 INFO [o.n.k.i.DiagnosticsManager] Interface wlp0s20f3:
2021-06-27 22:57:14.494+0000 INFO [o.n.k.i.DiagnosticsManager]     address: fe80:0:0:0:8ad3:a5a0:ec13:7f80%wlp0s20f3
2021-06-27 22:57:14.494+0000 INFO [o.n.k.i.DiagnosticsManager]     address: 192.168.68.111
2021-06-27 22:57:14.494+0000 INFO [o.n.k.i.DiagnosticsManager] Interface lo:
2021-06-27 22:57:14.494+0000 INFO [o.n.k.i.DiagnosticsManager]     address: 0:0:0:0:0:0:0:1%lo
2021-06-27 22:57:14.494+0000 INFO [o.n.k.i.DiagnosticsManager]     address: 127.0.0.1
2021-06-27 22:57:14.494+0000 INFO [o.n.k.i.DiagnosticsManager] --- INITIALIZED diagnostics END ---
2021-06-27 22:57:14.540+0000 INFO [o.n.k.i.s.f.RecordFormatSelector] Selected format 'RecordFormat:StandardV3_4[v0.A.9]' for the new store
2021-06-27 22:57:14.814+0000 INFO [o.n.k.i.i.l.NativeLabelScanStore] No label index found, this might just be first use. Preparing to rebuild.
2021-06-27 22:57:14.830+0000 INFO [o.n.k.NeoStoreDataSource] Rotated to transaction log [/home/fry/ORT/BDNR/Obligatorio2/strava-app/strava-api/data/strava/neostore.transaction.db.0] version=0, last transaction in previous log=1
2021-06-27 22:57:14.830+0000 INFO [o.n.k.NeoStoreDataSource] No commits found after last check point (which is at <no log position given>)
2021-06-27 22:57:14.834+0000 WARN [o.n.k.i.s.MetaDataStore] Missing counts store, rebuilding it.
2021-06-27 22:57:14.901+0000 WARN [o.n.k.i.s.MetaDataStore] Counts store rebuild completed.
2021-06-27 22:57:14.936+0000 INFO [o.n.k.i.i.l.NativeLabelScanStore] Rebuilding label index, this may take a while
2021-06-27 22:57:14.943+0000 INFO [o.n.k.i.i.l.NativeLabelScanStore] Label index rebuilt (roughly 0 nodes)
2021-06-27 22:57:14.962+0000 INFO [o.n.k.i.DatabaseHealth] Database health set to OK
2021-06-27 22:57:15.051+0000 INFO [o.n.k.AvailabilityGuard] Fulfilling of requirement makes database available: Database available
2021-06-27 22:57:15.051+0000 INFO [o.n.k.i.f.GraphDatabaseFacadeFactory] Database is now ready
2021-06-27 22:57:15.052+0000 INFO [o.n.k.i.DiagnosticsManager] --- STARTED diagnostics for KernelDiagnostics:Versions START ---
2021-06-27 22:57:15.052+0000 INFO [o.n.k.i.DiagnosticsManager] Graph Database: community single StoreId{creationTime=1624834634764, randomId=-3708478339667336370, storeVersion=16094931155187206, upgradeTime=1624834634764, upgradeId=1}
2021-06-27 22:57:15.052+0000 INFO [o.n.k.i.DiagnosticsManager] Kernel version: 3.4.6,ff53003e8435935995de3a4aa337981c2609ca11
2021-06-27 22:57:15.052+0000 INFO [o.n.k.i.DiagnosticsManager] --- STARTED diagnostics for KernelDiagnostics:Versions END ---
2021-06-27 22:57:15.053+0000 INFO [o.n.k.i.DiagnosticsManager] --- STARTED diagnostics for NEO_STORE_VERSIONS START ---
2021-06-27 22:57:15.053+0000 INFO [o.n.k.i.DiagnosticsManager] Store versions:
2021-06-27 22:57:15.053+0000 INFO [o.n.k.i.DiagnosticsManager] Store versions:
2021-06-27 22:57:15.053+0000 INFO [o.n.k.i.DiagnosticsManager]   ArrayPropertyStore v0.A.9
2021-06-27 22:57:15.053+0000 INFO [o.n.k.i.DiagnosticsManager]   NodeStore v0.A.9
2021-06-27 22:57:15.053+0000 INFO [o.n.k.i.DiagnosticsManager]   StringPropertyStore v0.A.9
2021-06-27 22:57:15.053+0000 INFO [o.n.k.i.DiagnosticsManager]   PropertyIndexStore v0.A.9
2021-06-27 22:57:15.053+0000 INFO [o.n.k.i.DiagnosticsManager]   StringPropertyStore v0.A.9
2021-06-27 22:57:15.053+0000 INFO [o.n.k.i.DiagnosticsManager]   ArrayPropertyStore v0.A.9
2021-06-27 22:57:15.053+0000 INFO [o.n.k.i.DiagnosticsManager]   PropertyStore v0.A.9
2021-06-27 22:57:15.053+0000 INFO [o.n.k.i.DiagnosticsManager]   RelationshipStore v0.A.9
2021-06-27 22:57:15.053+0000 INFO [o.n.k.i.DiagnosticsManager]   StringPropertyStore v0.A.9
2021-06-27 22:57:15.053+0000 INFO [o.n.k.i.DiagnosticsManager]   RelationshipTypeStore v0.A.9
2021-06-27 22:57:15.054+0000 INFO [o.n.k.i.DiagnosticsManager]   StringPropertyStore v0.A.9
2021-06-27 22:57:15.054+0000 INFO [o.n.k.i.DiagnosticsManager]   LabelTokenStore v0.A.9
2021-06-27 22:57:15.054+0000 INFO [o.n.k.i.DiagnosticsManager]   SchemaStore v0.A.9
2021-06-27 22:57:15.054+0000 INFO [o.n.k.i.DiagnosticsManager]   RelationshipGroupStore v0.A.9
2021-06-27 22:57:15.054+0000 INFO [o.n.k.i.DiagnosticsManager]   NeoStore v0.A.9
2021-06-27 22:57:15.054+0000 INFO [o.n.k.i.DiagnosticsManager] --- STARTED diagnostics for NEO_STORE_VERSIONS END ---
2021-06-27 22:57:15.054+0000 INFO [o.n.k.i.DiagnosticsManager] --- STARTED diagnostics for NEO_STORE_ID_USAGE START ---
2021-06-27 22:57:15.054+0000 INFO [o.n.k.i.DiagnosticsManager] Id usage:
2021-06-27 22:57:15.054+0000 INFO [o.n.k.i.DiagnosticsManager] Id usage:
2021-06-27 22:57:15.054+0000 INFO [o.n.k.i.DiagnosticsManager]   ArrayPropertyStore: used=1 high=0
2021-06-27 22:57:15.054+0000 INFO [o.n.k.i.DiagnosticsManager]   NodeStore: used=0 high=-1
2021-06-27 22:57:15.054+0000 INFO [o.n.k.i.DiagnosticsManager]   StringPropertyStore: used=1 high=0
2021-06-27 22:57:15.054+0000 INFO [o.n.k.i.DiagnosticsManager]   PropertyIndexStore: used=0 high=-1
2021-06-27 22:57:15.054+0000 INFO [o.n.k.i.DiagnosticsManager]   StringPropertyStore: used=1 high=0
2021-06-27 22:57:15.054+0000 INFO [o.n.k.i.DiagnosticsManager]   ArrayPropertyStore: used=1 high=0
2021-06-27 22:57:15.054+0000 INFO [o.n.k.i.DiagnosticsManager]   PropertyStore: used=0 high=-1
2021-06-27 22:57:15.054+0000 INFO [o.n.k.i.DiagnosticsManager]   RelationshipStore: used=0 high=-1
2021-06-27 22:57:15.054+0000 INFO [o.n.k.i.DiagnosticsManager]   StringPropertyStore: used=1 high=0
2021-06-27 22:57:15.054+0000 INFO [o.n.k.i.DiagnosticsManager]   RelationshipTypeStore: used=0 high=-1
2021-06-27 22:57:15.054+0000 INFO [o.n.k.i.DiagnosticsManager]   StringPropertyStore: used=1 high=0
2021-06-27 22:57:15.054+0000 INFO [o.n.k.i.DiagnosticsManager]   LabelTokenStore: used=0 high=-1
2021-06-27 22:57:15.054+0000 INFO [o.n.k.i.DiagnosticsManager]   SchemaStore: used=1 high=0
2021-06-27 22:57:15.054+0000 INFO [o.n.k.i.DiagnosticsManager]   RelationshipGroupStore: used=1 high=0
2021-06-27 22:57:15.055+0000 INFO [o.n.k.i.DiagnosticsManager]   NeoStore: used=15 high=14
2021-06-27 22:57:15.055+0000 INFO [o.n.k.i.DiagnosticsManager] --- STARTED diagnostics for NEO_STORE_ID_USAGE END ---
2021-06-27 22:57:15.055+0000 INFO [o.n.k.i.DiagnosticsManager] --- STARTED diagnostics for NEO_STORE_RECORDS START ---
2021-06-27 22:57:15.055+0000 INFO [o.n.k.i.DiagnosticsManager] Neostore records:
2021-06-27 22:57:15.055+0000 INFO [o.n.k.i.DiagnosticsManager] TIME (Creation time): 1624834634764
2021-06-27 22:57:15.055+0000 INFO [o.n.k.i.DiagnosticsManager] RANDOM_NUMBER (Random number for store id): -3708478339667336370
2021-06-27 22:57:15.055+0000 INFO [o.n.k.i.DiagnosticsManager] LOG_VERSION (Current log version): 0
2021-06-27 22:57:15.055+0000 INFO [o.n.k.i.DiagnosticsManager] LAST_TRANSACTION_ID (Last committed transaction): 1
2021-06-27 22:57:15.055+0000 INFO [o.n.k.i.DiagnosticsManager] STORE_VERSION (Store format version): 16094931155187206
2021-06-27 22:57:15.055+0000 INFO [o.n.k.i.DiagnosticsManager] FIRST_GRAPH_PROPERTY (First property record containing graph properties): -1
2021-06-27 22:57:15.055+0000 INFO [o.n.k.i.DiagnosticsManager] LAST_CONSTRAINT_TRANSACTION (Last committed transaction containing constraint changes): 0
2021-06-27 22:57:15.055+0000 INFO [o.n.k.i.DiagnosticsManager] UPGRADE_TRANSACTION_ID (Transaction id most recent upgrade was performed at): 1
2021-06-27 22:57:15.055+0000 INFO [o.n.k.i.DiagnosticsManager] UPGRADE_TIME (Time of last upgrade): 1624834634764
2021-06-27 22:57:15.055+0000 INFO [o.n.k.i.DiagnosticsManager] LAST_TRANSACTION_CHECKSUM (Checksum of last committed transaction): 0
2021-06-27 22:57:15.055+0000 INFO [o.n.k.i.DiagnosticsManager] UPGRADE_TRANSACTION_CHECKSUM (Checksum of transaction id the most recent upgrade was performed at): 0
2021-06-27 22:57:15.055+0000 INFO [o.n.k.i.DiagnosticsManager] LAST_CLOSED_TRANSACTION_LOG_VERSION (Log version where the last transaction commit entry has been written into): 0
2021-06-27 22:57:15.055+0000 INFO [o.n.k.i.DiagnosticsManager] LAST_CLOSED_TRANSACTION_LOG_BYTE_OFFSET (Byte offset in the log file where the last transaction commit entry has been written into): 16
2021-06-27 22:57:15.055+0000 INFO [o.n.k.i.DiagnosticsManager] LAST_TRANSACTION_COMMIT_TIMESTAMP (Commit time timestamp for last committed transaction): 0
2021-06-27 22:57:15.055+0000 INFO [o.n.k.i.DiagnosticsManager] UPGRADE_TRANSACTION_COMMIT_TIMESTAMP (Commit timestamp of transaction the most recent upgrade was performed at): 0
2021-06-27 22:57:15.055+0000 INFO [o.n.k.i.DiagnosticsManager] --- STARTED diagnostics for NEO_STORE_RECORDS END ---
2021-06-27 22:57:15.056+0000 INFO [o.n.k.i.DiagnosticsManager] --- STARTED diagnostics for TRANSACTION_RANGE START ---
2021-06-27 22:57:15.056+0000 INFO [o.n.k.i.DiagnosticsManager] Transaction log:
2021-06-27 22:57:15.056+0000 INFO [o.n.k.i.DiagnosticsManager] No transactions found in any log
2021-06-27 22:57:15.056+0000 INFO [o.n.k.i.DiagnosticsManager] --- STARTED diagnostics for TRANSACTION_RANGE END ---
2021-06-27 22:57:15.056+0000 INFO [o.n.k.i.DiagnosticsManager] --- STARTED diagnostics for KernelDiagnostics:StoreFiles START ---
2021-06-27 22:57:15.056+0000 INFO [o.n.k.i.DiagnosticsManager] Disk space on partition (Total / Free / Free %): 502468108288 / 416812257280 / 82
2021-06-27 22:57:15.056+0000 INFO [o.n.k.i.DiagnosticsManager] Storage files: (filename : modification date - size)
2021-06-27 22:57:15.057+0000 INFO [o.n.k.i.DiagnosticsManager]   index:
2021-06-27 22:57:15.057+0000 INFO [o.n.k.i.DiagnosticsManager]   - Total: 2021-06-27T19:57:14-0300 - 0.00 B
2021-06-27 22:57:15.057+0000 INFO [o.n.k.i.DiagnosticsManager]   logs:
2021-06-27 22:57:15.057+0000 INFO [o.n.k.i.DiagnosticsManager]     debug.log: 2021-06-27T19:57:15-0300 - 48.34 kB
2021-06-27 22:57:15.057+0000 INFO [o.n.k.i.DiagnosticsManager]   - Total: 2021-06-27T19:57:14-0300 - 48.34 kB
2021-06-27 22:57:15.058+0000 INFO [o.n.k.i.DiagnosticsManager]   neostore: 2021-06-27T19:57:14-0300 - 8.00 kB
2021-06-27 22:57:15.058+0000 INFO [o.n.k.i.DiagnosticsManager]   neostore.counts.db.a: 2021-06-27T19:57:14-0300 - 96.00 B
2021-06-27 22:57:15.058+0000 INFO [o.n.k.i.DiagnosticsManager]   neostore.id: 2021-06-27T19:57:14-0300 - 9.00 B
2021-06-27 22:57:15.058+0000 INFO [o.n.k.i.DiagnosticsManager]   neostore.labelscanstore.db: 2021-06-27T19:57:14-0300 - 40.00 kB
2021-06-27 22:57:15.058+0000 INFO [o.n.k.i.DiagnosticsManager]   neostore.labeltokenstore.db: 2021-06-27T19:57:14-0300 - 0.00 B
2021-06-27 22:57:15.058+0000 INFO [o.n.k.i.DiagnosticsManager]   neostore.labeltokenstore.db.id: 2021-06-27T19:57:14-0300 - 9.00 B
2021-06-27 22:57:15.058+0000 INFO [o.n.k.i.DiagnosticsManager]   neostore.labeltokenstore.db.names: 2021-06-27T19:57:14-0300 - 8.00 kB
2021-06-27 22:57:15.058+0000 INFO [o.n.k.i.DiagnosticsManager]   neostore.labeltokenstore.db.names.id: 2021-06-27T19:57:14-0300 - 9.00 B
2021-06-27 22:57:15.058+0000 INFO [o.n.k.i.DiagnosticsManager]   neostore.nodestore.db: 2021-06-27T19:57:14-0300 - 0.00 B
2021-06-27 22:57:15.058+0000 INFO [o.n.k.i.DiagnosticsManager]   neostore.nodestore.db.id: 2021-06-27T19:57:14-0300 - 9.00 B
2021-06-27 22:57:15.059+0000 INFO [o.n.k.i.DiagnosticsManager]   neostore.nodestore.db.labels: 2021-06-27T19:57:14-0300 - 8.00 kB
2021-06-27 22:57:15.059+0000 INFO [o.n.k.i.DiagnosticsManager]   neostore.nodestore.db.labels.id: 2021-06-27T19:57:14-0300 - 9.00 B
2021-06-27 22:57:15.059+0000 INFO [o.n.k.i.DiagnosticsManager]   neostore.propertystore.db: 2021-06-27T19:57:14-0300 - 0.00 B
2021-06-27 22:57:15.059+0000 INFO [o.n.k.i.DiagnosticsManager]   neostore.propertystore.db.arrays: 2021-06-27T19:57:14-0300 - 8.00 kB
2021-06-27 22:57:15.059+0000 INFO [o.n.k.i.DiagnosticsManager]   neostore.propertystore.db.arrays.id: 2021-06-27T19:57:14-0300 - 9.00 B
2021-06-27 22:57:15.059+0000 INFO [o.n.k.i.DiagnosticsManager]   neostore.propertystore.db.id: 2021-06-27T19:57:14-0300 - 9.00 B
2021-06-27 22:57:15.059+0000 INFO [o.n.k.i.DiagnosticsManager]   neostore.propertystore.db.index: 2021-06-27T19:57:14-0300 - 0.00 B
2021-06-27 22:57:15.059+0000 INFO [o.n.k.i.DiagnosticsManager]   neostore.propertystore.db.index.id: 2021-06-27T19:57:14-0300 - 9.00 B
2021-06-27 22:57:15.059+0000 INFO [o.n.k.i.DiagnosticsManager]   neostore.propertystore.db.index.keys: 2021-06-27T19:57:14-0300 - 8.00 kB
2021-06-27 22:57:15.059+0000 INFO [o.n.k.i.DiagnosticsManager]   neostore.propertystore.db.index.keys.id: 2021-06-27T19:57:14-0300 - 9.00 B
2021-06-27 22:57:15.059+0000 INFO [o.n.k.i.DiagnosticsManager]   neostore.propertystore.db.strings: 2021-06-27T19:57:14-0300 - 8.00 kB
2021-06-27 22:57:15.060+0000 INFO [o.n.k.i.DiagnosticsManager]   neostore.propertystore.db.strings.id: 2021-06-27T19:57:14-0300 - 9.00 B
2021-06-27 22:57:15.060+0000 INFO [o.n.k.i.DiagnosticsManager]   neostore.relationshipgroupstore.db: 2021-06-27T19:57:14-0300 - 8.00 kB
2021-06-27 22:57:15.060+0000 INFO [o.n.k.i.DiagnosticsManager]   neostore.relationshipgroupstore.db.id: 2021-06-27T19:57:14-0300 - 9.00 B
2021-06-27 22:57:15.060+0000 INFO [o.n.k.i.DiagnosticsManager]   neostore.relationshipstore.db: 2021-06-27T19:57:14-0300 - 0.00 B
2021-06-27 22:57:15.060+0000 INFO [o.n.k.i.DiagnosticsManager]   neostore.relationshipstore.db.id: 2021-06-27T19:57:14-0300 - 9.00 B
2021-06-27 22:57:15.060+0000 INFO [o.n.k.i.DiagnosticsManager]   neostore.relationshiptypestore.db: 2021-06-27T19:57:14-0300 - 0.00 B
2021-06-27 22:57:15.060+0000 INFO [o.n.k.i.DiagnosticsManager]   neostore.relationshiptypestore.db.id: 2021-06-27T19:57:14-0300 - 9.00 B
2021-06-27 22:57:15.060+0000 INFO [o.n.k.i.DiagnosticsManager]   neostore.relationshiptypestore.db.names: 2021-06-27T19:57:14-0300 - 8.00 kB
2021-06-27 22:57:15.060+0000 INFO [o.n.k.i.DiagnosticsManager]   neostore.relationshiptypestore.db.names.id: 2021-06-27T19:57:14-0300 - 9.00 B
2021-06-27 22:57:15.060+0000 INFO [o.n.k.i.DiagnosticsManager]   neostore.schemastore.db: 2021-06-27T19:57:14-0300 - 8.00 kB
2021-06-27 22:57:15.060+0000 INFO [o.n.k.i.DiagnosticsManager]   neostore.schemastore.db.id: 2021-06-27T19:57:14-0300 - 9.00 B
2021-06-27 22:57:15.061+0000 INFO [o.n.k.i.DiagnosticsManager]   neostore.transaction.db.0: 2021-06-27T19:57:14-0300 - 16.00 B
2021-06-27 22:57:15.061+0000 INFO [o.n.k.i.DiagnosticsManager]   store_lock: 2021-06-27T19:57:14-0300 - 0.00 B
2021-06-27 22:57:15.061+0000 INFO [o.n.k.i.DiagnosticsManager] Storage summary: 
2021-06-27 22:57:15.061+0000 INFO [o.n.k.i.DiagnosticsManager]   Total size of store: 160.58 kB
2021-06-27 22:57:15.061+0000 INFO [o.n.k.i.DiagnosticsManager]   Total size of mapped files: 112.00 kB
2021-06-27 22:57:15.061+0000 INFO [o.n.k.i.DiagnosticsManager] --- STARTED diagnostics for KernelDiagnostics:StoreFiles END ---
